<?xml version="1.0" encoding="UTF-8" ?>
<testsuite tests="1" failures="0" name="com.sy.test.OrderitemTest" time="0.623" errors="0" skipped="0">
  <properties>
    <property name="idea.version" value="2021.3.3"/>
    <property name="java.runtime.name" value="Java(TM) SE Runtime Environment"/>
    <property name="java.vm.version" value="17.0.4.1+1-LTS-2"/>
    <property name="sun.boot.library.path" value="D:\java-jdk\bin"/>
    <property name="maven.multiModuleProjectDirectory" value="D:\app\Admin_order_del"/>
    <property name="java.vm.vendor" value="Oracle Corporation"/>
    <property name="java.vendor.url" value="https://java.oracle.com/"/>
    <property name="guice.disable.misplaced.annotation.check" value="true"/>
    <property name="path.separator" value=";"/>
    <property name="java.vm.name" value="Java HotSpot(TM) 64-Bit Server VM"/>
    <property name="sun.os.patch.level" value=""/>
    <property name="user.script" value=""/>
    <property name="user.country" value="CN"/>
    <property name="sun.java.launcher" value="SUN_STANDARD"/>
    <property name="java.vm.specification.name" value="Java Virtual Machine Specification"/>
    <property name="user.dir" value="D:\app\Admin_order_del"/>
    <property name="java.vm.compressedOopsMode" value="Zero based"/>
    <property name="forkCount" value="0"/>
    <property name="intellij.debug.agent" value="true"/>
    <property name="java.runtime.version" value="17.0.4.1+1-LTS-2"/>
    <property name="os.arch" value="amd64"/>
    <property name="java.io.tmpdir" value="C:\Users\SHIYUQ~1\AppData\Local\Temp\"/>
    <property name="line.separator" value="
"/>
    <property name="java.vm.specification.vendor" value="Oracle Corporation"/>
    <property name="user.variant" value=""/>
    <property name="os.name" value="Windows 11"/>
    <property name="reuseForks" value="false"/>
    <property name="maven.ext.class.path" value="D:\IDEA\IntelliJ IDEA 2021.3.3\plugins\maven\lib\maven-event-listener.jar"/>
    <property name="classworlds.conf" value="D:\MAVEN\apache-maven-3.8.6\bin\m2.conf"/>
    <property name="sun.jnu.encoding" value="GBK"/>
    <property name="java.library.path" value="D:\java-jdk\bin;C:\WINDOWS\Sun\Java\bin;C:\WINDOWS\system32;C:\WINDOWS;D:\VMware\bin\;C:\Windows\system32;C:\Windows;C:\Windows\System32\Wbem;C:\Windows\System32\WindowsPowerShell\v1.0\;C:\Windows\System32\OpenSSH\;C:\Program Files (x86)\NVIDIA Corporation\PhysX\Common;C:\Program Files\NVIDIA Corporation\NVIDIA NvDLISR;C:\WINDOWS\system32;C:\WINDOWS;C:\WINDOWS\System32\Wbem;C:\WINDOWS\System32\WindowsPowerShell\v1.0\;C:\WINDOWS\System32\OpenSSH\;C:\Program Files\dotnet\;C:\WINDOWS\system32;C:\WINDOWS;C:\WINDOWS\System32\Wbem;C:\WINDOWS\System32\WindowsPowerShell\v1.0\;C:\WINDOWS\System32\OpenSSH\;D:\MAVEN\apache-maven-3.8.6\bin;D:\java-jdk\bin;D:\MySQL\bin;C:\Program Files\MySQL\MySQL Shell 8.0\bin\;C:\Users\shiyuqingchengse\AppData\Local\Microsoft\WindowsApps;C:\Users\shiyuqingchengse\.dotnet\tools;D:\IDEAL\IntelliJ IDEA 2021.2\bin;;;D:\Idea\IntelliJ IDEA Community Edition 2022.2.3\bin;;."/>
    <property name="jboss.modules.system.pkgs" value="com.intellij.rt"/>
    <property name="maven.conf" value="D:\MAVEN\apache-maven-3.8.6/conf"/>
    <property name="jdk.debug" value="release"/>
    <property name="java.class.version" value="61.0"/>
    <property name="java.specification.name" value="Java Platform API Specification"/>
    <property name="sun.management.compiler" value="HotSpot 64-Bit Tiered Compilers"/>
    <property name="maven.repo.local" value="D:\MAVEN\apache-maven-3.8.6\mvn_repo"/>
    <property name="os.version" value="10.0"/>
    <property name="user.home" value="C:\Users\shiyuqingchengse"/>
    <property name="user.timezone" value="Asia/Shanghai"/>
    <property name="file.encoding" value="UTF-8"/>
    <property name="java.specification.version" value="17"/>
    <property name="user.name" value="shiyuqingchengse"/>
    <property name="java.class.path" value="D:\MAVEN\apache-maven-3.8.6\boot\plexus-classworlds-2.6.0.jar;D:\MAVEN\apache-maven-3.8.6\boot\plexus-classworlds.license;D:\IDEA\IntelliJ IDEA 2021.3.3\lib\idea_rt.jar"/>
    <property name="java.vm.specification.version" value="17"/>
    <property name="sun.arch.data.model" value="64"/>
    <property name="sun.java.command" value="org.codehaus.classworlds.Launcher -Didea.version=2021.3.3 -s D:\MAVEN\apache-maven-3.8.6\conf\settings.xml -Dmaven.repo.local=D:\MAVEN\apache-maven-3.8.6\mvn_repo package -DforkCount=0 -DreuseForks=false"/>
    <property name="java.home" value="D:\java-jdk"/>
    <property name="user.language" value="zh"/>
    <property name="java.specification.vendor" value="Oracle Corporation"/>
    <property name="java.vm.info" value="mixed mode, sharing"/>
    <property name="java.version" value="17.0.4.1"/>
    <property name="native.encoding" value="GBK"/>
    <property name="java.vendor" value="Oracle Corporation"/>
    <property name="maven.home" value="D:\MAVEN\apache-maven-3.8.6"/>
    <property name="file.separator" value="\"/>
    <property name="java.version.date" value="2022-08-18"/>
    <property name="java.vendor.url.bug" value="https://bugreport.java.com/bugreport/"/>
    <property name="sun.io.unicode.encoding" value="UnicodeLittle"/>
    <property name="sun.cpu.endian" value="little"/>
    <property name="sun.cpu.isalist" value="amd64"/>
  </properties>
  <testcase classname="com.sy.test.OrderitemTest" name="testAdd" time="0.623"/>
</testsuite>